2021-01-18 21:16:44 - MOD: Modification Default

FILE: system/engine/action.php
REGEX: ~(require|include)(_once)?\(([^)]+)~
LINE: 69

FILE: system/engine/loader.php
REGEX: ~(require|include)(_once)?\(([^)]+)~
LINE: 77
LINE: 151
LINE: 168

FILE: system/library/config.php
REGEX: ~(require|include)(_once)?\(([^)]+)~
LINE: 59

FILE: system/library/language.php
REGEX: ~(require|include)(_once)?\(([^)]+)~
LINE: 67
LINE: 73

FILE: system/library/template/template.php
REGEX: ~(require|include)(_once)?\(([^)]+)~
LINE: 18

FILE: system/library/template/twig.php
CODE: $loader = new \Twig_Loader_Filesystem(DIR_TEMPLATE);
NOT FOUND - OPERATIONS ABORTED!
----------------------------------------------------------------
MOD: Revslider Modifications

FILE: admin/controller/common/column_left.php
CODE: return $this->load->view('common/column_left', $data);
LINE: 745

FILE: admin/view/template/common/header.twig
CODE: jquery-2.1.1.min.js"></script>
LINE: 17
----------------------------------------------------------------
MOD: Pavo Megamenu
CODE: // Catalog
LINE: 44
----------------------------------------------------------------
MOD: 简体中文语言包(适合OpenCart 3.0.3.6)
----------------------------------------------------------------
2021-01-19 6:40:12 - MOD: Modification Default

FILE: system/engine/action.php
REGEX: ~(require|include)(_once)?\(([^)]+)~
LINE: 69

FILE: system/engine/loader.php
REGEX: ~(require|include)(_once)?\(([^)]+)~
LINE: 77
LINE: 151
LINE: 168

FILE: system/library/config.php
REGEX: ~(require|include)(_once)?\(([^)]+)~
LINE: 59

FILE: system/library/language.php
REGEX: ~(require|include)(_once)?\(([^)]+)~
LINE: 67
LINE: 73

FILE: system/library/template/template.php
REGEX: ~(require|include)(_once)?\(([^)]+)~
LINE: 18

FILE: system/library/template/twig.php
CODE: $loader = new \Twig_Loader_Filesystem(DIR_TEMPLATE);
NOT FOUND - OPERATIONS ABORTED!
----------------------------------------------------------------
MOD: Revslider Modifications

FILE: admin/controller/common/column_left.php
CODE: return $this->load->view('common/column_left', $data);
LINE: 745

FILE: admin/view/template/common/header.twig
CODE: jquery-2.1.1.min.js"></script>
LINE: 17
----------------------------------------------------------------
MOD: Pavo Megamenu
CODE: // Catalog
LINE: 44
----------------------------------------------------------------
MOD: Top Search With Categores

FILE: catalog/controller/common/header.php
CODE: $data['language']
LINE: 76

FILE: catalog/view/theme/default/template/common/header.twig
CODE: {{ search }}
LINE: 75

FILE: catalog/view/theme/unero/template/common/header.twig
CODE: {{ search }}
NOT FOUND - OPERATIONS ABORTED!
----------------------------------------------------------------
MOD: 简体中文语言包(适合OpenCart 3.0.3.6)
----------------------------------------------------------------
2021-01-19 15:49:38 - MOD: Modification Default

FILE: system/engine/action.php
REGEX: ~(require|include)(_once)?\(([^)]+)~
LINE: 69

FILE: system/engine/loader.php
REGEX: ~(require|include)(_once)?\(([^)]+)~
LINE: 77
LINE: 151
LINE: 168

FILE: system/library/config.php
REGEX: ~(require|include)(_once)?\(([^)]+)~
LINE: 59

FILE: system/library/language.php
REGEX: ~(require|include)(_once)?\(([^)]+)~
LINE: 67
LINE: 73

FILE: system/library/template/template.php
REGEX: ~(require|include)(_once)?\(([^)]+)~
LINE: 18

FILE: system/library/template/twig.php
CODE: $loader = new \Twig_Loader_Filesystem(DIR_TEMPLATE);
NOT FOUND - OPERATIONS ABORTED!
----------------------------------------------------------------
MOD: Revslider Modifications

FILE: admin/controller/common/column_left.php
CODE: return $this->load->view('common/column_left', $data);
LINE: 745

FILE: admin/view/template/common/header.twig
CODE: jquery-2.1.1.min.js"></script>
LINE: 17
----------------------------------------------------------------
MOD: 简体中文语言包(适合OpenCart 3.0.3.6)
----------------------------------------------------------------
2021-01-20 8:17:31 - MOD: Modification Default

FILE: system/engine/action.php
REGEX: ~(require|include)(_once)?\(([^)]+)~
LINE: 69

FILE: system/engine/loader.php
REGEX: ~(require|include)(_once)?\(([^)]+)~
LINE: 77
LINE: 151
LINE: 168

FILE: system/library/config.php
REGEX: ~(require|include)(_once)?\(([^)]+)~
LINE: 59

FILE: system/library/language.php
REGEX: ~(require|include)(_once)?\(([^)]+)~
LINE: 67
LINE: 73

FILE: system/library/template/template.php
REGEX: ~(require|include)(_once)?\(([^)]+)~
LINE: 18

FILE: system/library/template/twig.php
CODE: $loader = new \Twig_Loader_Filesystem(DIR_TEMPLATE);
NOT FOUND - OPERATIONS ABORTED!
----------------------------------------------------------------
MOD: Revslider Modifications

FILE: admin/controller/common/column_left.php
CODE: return $this->load->view('common/column_left', $data);
LINE: 745

FILE: admin/view/template/common/header.twig
CODE: jquery-2.1.1.min.js"></script>
LINE: 17
----------------------------------------------------------------
MOD: Sainent Opencart 3.x SEO Url Issue Fix

FILE: catalog/controller/startup/seo_url.php
CODE: } elseif ($key == 'path') {
LINE: 96
CODE: $marketplace = array();
LINE: 142

FILE: admin/language/en-gb/common/column_left.php
CODE: $_['text_layout']
LINE: 31
----------------------------------------------------------------
MOD: 简体中文语言包(适合OpenCart 3.0.3.6)
----------------------------------------------------------------
